<?xml version="1.0" encoding="UTF-8"?>
<!-- Generated by org.testng.reporters.JUnitReportReporter -->
<testsuite hostname="DESKTOP-4RD7H90" failures="0" tests="1" name="SeleniumProject.SeleniumProject.PolicyTest" time="10.033" errors="0" timestamp="2023-10-02T00:55:24 IST" skipped="0">
  <testcase classname="SeleniumProject.SeleniumProject.PolicyTest" name="testWeb" time="10.033"/>
  <system-out/>
</testsuite> <!-- SeleniumProject.SeleniumProject.PolicyTest -->
